TN:
SF:src\presentation\helpers\http-response.js
FN:5,badRequest
FN:12,serverError
FNF:2
FNH:2
FNDA:2,badRequest
FNDA:2,serverError
DA:1,1
DA:2,1
DA:3,1
DA:4,1
DA:5,1
DA:6,2
DA:7,2
DA:8,2
DA:9,2
DA:10,2
DA:11,1
DA:12,1
DA:13,2
DA:14,2
DA:15,2
DA:16,2
DA:17,2
DA:18,1
LF:18
LH:18
BRDA:5,0,0,2
BRDA:12,1,0,2
BRF:2
BRH:2
end_of_record
TN:
SF:src\presentation\helpers\missing-param-error.js
FN:2,MissingParamError
FN:8,ServerError
FNF:2
FNH:1
FNDA:0,MissingParamError
FNDA:7,ServerError
DA:1,1
DA:2,1
DA:3,0
DA:4,0
DA:5,0
DA:6,1
DA:7,1
DA:8,1
DA:9,7
DA:10,7
DA:11,7
DA:12,1
LF:12
LH:9
BRDA:8,0,0,7
BRF:1
BRH:1
end_of_record
TN:
SF:src\presentation\routers\login-router.js
FN:4,route
FNF:1
FNH:1
FNDA:4,route
DA:1,1
DA:2,1
DA:3,1
DA:4,1
DA:5,4
DA:6,2
DA:7,2
DA:8,2
DA:9,4
DA:10,1
DA:11,1
DA:12,1
DA:13,1
DA:14,1
DA:15,4
DA:16,1
LF:16
LH:16
BRDA:4,0,0,4
BRDA:5,1,0,3
BRDA:5,2,0,2
BRDA:9,3,0,1
BRF:4
BRH:4
end_of_record
